# JRE version: Java(TM) SE Runtime Environment (8.0_92-b14) (build 1.8.0_92-b14)
# Java VM: Java HotSpot(TM) 64-Bit Server VM (25.92-b14 mixed mode windows-amd64 compressed oops)
Heap:
 PSYoungGen      total 147456K, used 68640K [0x00000000d5b80000, 0x00000000dff80000, 0x0000000100000000)
  eden space 130048K, 52% used [0x00000000d5b80000,0x00000000d9e88308,0x00000000dda80000)
  from space 17408K, 0% used [0x00000000dda80000,0x00000000dda80000,0x00000000deb80000)
  to   space 14336K, 0% used [0x00000000deb80000,0x00000000deb80000,0x00000000df980000)
 ParOldGen       total 103936K, used 41868K [0x0000000081200000, 0x0000000087780000, 0x00000000d5b80000)
  object space 103936K, 40% used [0x0000000081200000,0x0000000083ae32e0,0x0000000087780000)
 Metaspace       used 20767K, capacity 21426K, committed 21504K, reserved 1069056K
  class space    used 2378K, capacity 2539K, committed 2560K, reserved 1048576K
GC Heap History (10 events):
Event: 11.445 GC heap before
{Heap before GC invocations=6 (full 0):
 PSYoungGen      total 38400K, used 38376K [0x00000000d5b80000, 0x00000000db380000, 0x0000000100000000)
  eden space 33280K, 100% used [0x00000000d5b80000,0x00000000d7c00000,0x00000000d7c00000)
  from space 5120K, 99% used [0x00000000d7c00000,0x00000000d80fa020,0x00000000d8100000)
  to   space 11776K, 0% used [0x00000000da800000,0x00000000da800000,0x00000000db380000)
 ParOldGen       total 87552K, used 13641K [0x0000000081200000, 0x0000000086780000, 0x00000000d5b80000)
  object space 87552K, 15% used [0x0000000081200000,0x0000000081f52518,0x0000000086780000)
 Metaspace       used 16365K, capacity 16798K, committed 17152K, reserved 1064960K
  class space    used 1927K, capacity 2014K, committed 2048K, reserved 1048576K
Event: 11.483 GC heap after
Heap after GC invocations=6 (full 0):
 PSYoungGen      total 78336K, used 9384K [0x00000000d5b80000, 0x00000000db380000, 0x0000000100000000)
  eden space 66560K, 0% used [0x00000000d5b80000,0x00000000d5b80000,0x00000000d9c80000)
  from space 11776K, 79% used [0x00000000da800000,0x00000000db12a020,0x00000000db380000)
  to   space 11776K, 0% used [0x00000000d9c80000,0x00000000d9c80000,0x00000000da800000)
 ParOldGen       total 87552K, used 13649K [0x0000000081200000, 0x0000000086780000, 0x00000000d5b80000)
  object space 87552K, 15% used [0x0000000081200000,0x0000000081f54518,0x0000000086780000)
 Metaspace       used 16365K, capacity 16798K, committed 17152K, reserved 1064960K
  class space    used 1927K, capacity 2014K, committed 2048K, reserved 1048576K
}
Event: 14.054 GC heap before
{Heap before GC invocations=7 (full 0):
 PSYoungGen      total 78336K, used 75944K [0x00000000d5b80000, 0x00000000db380000, 0x0000000100000000)
  eden space 66560K, 100% used [0x00000000d5b80000,0x00000000d9c80000,0x00000000d9c80000)
  from space 11776K, 79% used [0x00000000da800000,0x00000000db12a020,0x00000000db380000)
  to   space 11776K, 0% used [0x00000000d9c80000,0x00000000d9c80000,0x00000000da800000)
 ParOldGen       total 87552K, used 13649K [0x0000000081200000, 0x0000000086780000, 0x00000000d5b80000)
  object space 87552K, 15% used [0x0000000081200000,0x0000000081f54518,0x0000000086780000)
 Metaspace       used 16708K, capacity 17090K, committed 17408K, reserved 1064960K
  class space    used 1932K, capacity 2020K, committed 2048K, reserved 1048576K
Event: 14.127 GC heap after
Heap after GC invocations=7 (full 0):
 PSYoungGen      total 78336K, used 11760K [0x00000000d5b80000, 0x00000000df980000, 0x0000000100000000)
  eden space 66560K, 0% used [0x00000000d5b80000,0x00000000d5b80000,0x00000000d9c80000)
  from space 11776K, 99% used [0x00000000d9c80000,0x00000000da7fc010,0x00000000da800000)
  to   space 14336K, 0% used [0x00000000deb80000,0x00000000deb80000,0x00000000df980000)
 ParOldGen       total 87552K, used 15661K [0x0000000081200000, 0x0000000086780000, 0x00000000d5b80000)
  object space 87552K, 17% used [0x0000000081200000,0x000000008214b5c8,0x0000000086780000)
 Metaspace       used 16708K, capacity 17090K, committed 17408K, reserved 1064960K
  class space    used 1932K, capacity 2020K, committed 2048K, reserved 1048576K
}
Event: 16.625 GC heap before
{Heap before GC invocations=8 (full 0):
 PSYoungGen      total 78336K, used 78320K [0x00000000d5b80000, 0x00000000df980000, 0x0000000100000000)
  eden space 66560K, 100% used [0x00000000d5b80000,0x00000000d9c80000,0x00000000d9c80000)
  from space 11776K, 99% used [0x00000000d9c80000,0x00000000da7fc010,0x00000000da800000)
  to   space 14336K, 0% used [0x00000000deb80000,0x00000000deb80000,0x00000000df980000)
 ParOldGen       total 87552K, used 15661K [0x0000000081200000, 0x0000000086780000, 0x00000000d5b80000)
  object space 87552K, 17% used [0x0000000081200000,0x000000008214b5c8,0x0000000086780000)
 Metaspace       used 17119K, capacity 17506K, committed 17792K, reserved 1064960K
  class space    used 1955K, capacity 2052K, committed 2176K, reserved 1048576K
Event: 16.659 GC heap after
Heap after GC invocations=8 (full 0):
 PSYoungGen      total 144384K, used 14336K [0x00000000d5b80000, 0x00000000dff80000, 0x0000000100000000)
  eden space 130048K, 0% used [0x00000000d5b80000,0x00000000d5b80000,0x00000000dda80000)
  from space 14336K, 100% used [0x00000000deb80000,0x00000000df980000,0x00000000df980000)
  to   space 17408K, 0% used [0x00000000dda80000,0x00000000dda80000,0x00000000deb80000)
 ParOldGen       total 87552K, used 18250K [0x0000000081200000, 0x0000000086780000, 0x00000000d5b80000)
  object space 87552K, 20% used [0x0000000081200000,0x00000000823d2b50,0x0000000086780000)
 Metaspace       used 17119K, capacity 17506K, committed 17792K, reserved 1064960K
  class space    used 1955K, capacity 2052K, committed 2176K, reserved 1048576K
}
Event: 19.958 GC heap before
{Heap before GC invocations=9 (full 0):
 PSYoungGen      total 144384K, used 108272K [0x00000000d5b80000, 0x00000000dff80000, 0x0000000100000000)
  eden space 130048K, 72% used [0x00000000d5b80000,0x00000000db73c2a8,0x00000000dda80000)
  from space 14336K, 100% used [0x00000000deb80000,0x00000000df980000,0x00000000df980000)
  to   space 17408K, 0% used [0x00000000dda80000,0x00000000dda80000,0x00000000deb80000)
 ParOldGen       total 87552K, used 18250K [0x0000000081200000, 0x0000000086780000, 0x00000000d5b80000)
  object space 87552K, 20% used [0x0000000081200000,0x00000000823d2b50,0x0000000086780000)
 Metaspace       used 20567K, capacity 21170K, committed 21248K, reserved 1069056K
  class space    used 2358K, capacity 2539K, committed 2560K, reserved 1048576K
Event: 20.026 GC heap after
Heap after GC invocations=9 (full 0):
 PSYoungGen      total 147456K, used 17381K [0x00000000d5b80000, 0x00000000dff80000, 0x0000000100000000)
  eden space 130048K, 0% used [0x00000000d5b80000,0x00000000d5b80000,0x00000000dda80000)
  from space 17408K, 99% used [0x00000000dda80000,0x00000000deb796c0,0x00000000deb80000)
  to   space 14336K, 0% used [0x00000000deb80000,0x00000000deb80000,0x00000000df980000)
 ParOldGen       total 87552K, used 31646K [0x0000000081200000, 0x0000000086780000, 0x00000000d5b80000)
  object space 87552K, 36% used [0x0000000081200000,0x00000000830e7890,0x0000000086780000)
 Metaspace       used 20567K, capacity 21170K, committed 21248K, reserved 1069056K
  class space    used 2358K, capacity 2539K, committed 2560K, reserved 1048576K
}
Event: 20.026 GC heap before
{Heap before GC invocations=10 (full 1):
 PSYoungGen      total 147456K, used 17381K [0x00000000d5b80000, 0x00000000dff80000, 0x0000000100000000)
  eden space 130048K, 0% used [0x00000000d5b80000,0x00000000d5b80000,0x00000000dda80000)
  from space 17408K, 99% used [0x00000000dda80000,0x00000000deb796c0,0x00000000deb80000)
  to   space 14336K, 0% used [0x00000000deb80000,0x00000000deb80000,0x00000000df980000)
 ParOldGen       total 87552K, used 31646K [0x0000000081200000, 0x0000000086780000, 0x00000000d5b80000)
  object space 87552K, 36% used [0x0000000081200000,0x00000000830e7890,0x0000000086780000)
 Metaspace       used 20567K, capacity 21170K, committed 21248K, reserved 1069056K
  class space    used 2358K, capacity 2539K, committed 2560K, reserved 1048576K
Event: 20.500 GC heap after
Heap after GC invocations=10 (full 1):
 PSYoungGen      total 147456K, used 0K [0x00000000d5b80000, 0x00000000dff80000, 0x0000000100000000)
  eden space 130048K, 0% used [0x00000000d5b80000,0x00000000d5b80000,0x00000000dda80000)
  from space 17408K, 0% used [0x00000000dda80000,0x00000000dda80000,0x00000000deb80000)
  to   space 14336K, 0% used [0x00000000deb80000,0x00000000deb80000,0x00000000df980000)
 ParOldGen       total 103936K, used 41868K [0x0000000081200000, 0x0000000087780000, 0x00000000d5b80000)
  object space 103936K, 40% used [0x0000000081200000,0x0000000083ae32e0,0x0000000087780000)
 Metaspace       used 20567K, capacity 21170K, committed 21248K, reserved 1069056K
  class space    used 2358K, capacity 2539K, committed 2560K, reserved 1048576K
}

